<?xml version="1.0" encoding="UTF-8"?>
<!-- Generated by org.testng.reporters.JUnitReportReporter -->
<testsuite hostname="DESKTOP-Q48UDK1" failures="0" tests="5" name="appTests.Test1" time="129.536" errors="0" timestamp="2021-08-31T19:55:42 EET" skipped="0">
  <testcase classname="appTests.Test1" name="validateAddProductToCartBtnIsWorking" time="30.037"/>
  <system-out/>
  <testcase classname="appTests.Test1" name="validateItemSizeIsSelectable" time="24.208"/>
  <system-out/>
  <testcase classname="appTests.Test1" name="validateOnPriceAndSizeDisplay" time="26.570"/>
  <system-out/>
  <testcase classname="appTests.Test1" name="validateOnSharingScreen" time="23.809"/>
  <system-out/>
  <testcase classname="appTests.Test1" name="validateOnContinueShopping" time="24.912"/>
  <system-out/>
</testsuite> <!-- appTests.Test1 -->
